<?xml version="1.0" encoding="UTF-8"?>
<coverage generated="1677660689726" clover="3.2.0">
  <project timestamp="1677660689727" name="All files">
    <metrics statements="10" coveredstatements="2" conditionals="4" coveredconditionals="0" methods="6" coveredmethods="0" elements="20" coveredelements="2" complexity="0" loc="10" ncloc="10" packages="1" files="1" classes="1"/>
    <file name="FileSystem.js" path="C:\Users\User\Desktop\unit test project\FileSystem.js">
      <metrics statements="10" coveredstatements="2" conditionals="4" coveredconditionals="0" methods="6" coveredmethods="0"/>
      <line num="1" count="1" type="stmt"/>
      <line num="3" count="1" type="stmt"/>
      <line num="5" count="0" type="stmt"/>
      <line num="6" count="0" type="stmt"/>
      <line num="7" count="0" type="cond" truecount="0" falsecount="2"/>
      <line num="8" count="0" type="stmt"/>
      <line num="14" count="0" type="stmt"/>
      <line num="15" count="0" type="stmt"/>
      <line num="16" count="0" type="cond" truecount="0" falsecount="2"/>
      <line num="17" count="0" type="stmt"/>
    </file>
  </project>
</coverage>
